
> fiverr-clone@0.1.0 build
> next build

Î“ĂśĂˇ `eslint` configuration in next.config.ts is no longer supported. See more info here: https://nextjs.org/docs/app/api-reference/cli/next#next-lint-options
Î“ĂśĂˇ Invalid next.config.ts options detected: 
Î“ĂśĂˇ     Unrecognized key(s) in object: 'eslint'
Î“ĂśĂˇ See more info here: https://nextjs.org/docs/messages/invalid-next-config
Î“Ă»â–“ Next.js 16.2.1 (Turbopack)
- Environments: .env.local

  Creating an optimized production build ...
Î“ÂŁĂ´ Compiled successfully in 4.6s
  Skipping validation of types
  Finished TypeScript config validation in 11ms ...
  Collecting page data using 11 workers ...
  Generating static pages using 11 workers (0/12) ...
  Generating static pages using 11 workers (3/12) 
  Generating static pages using 11 workers (6/12) 
  Generating static pages using 11 workers (9/12) 
Î“ÂŁĂ´ Generating static pages using 11 workers (12/12) in 390ms
  Finalizing page optimization ...

Route (app)
Î“Ă¶Ă® Î“ĂąĂŻ /
Î“Ă¶ÂŁ Î“ĂąĂŻ /_not-found
Î“Ă¶ÂŁ â•žĂ† /api/auth/[...nextauth]
Î“Ă¶ÂŁ â•žĂ† /api/auth/register
Î“Ă¶ÂŁ â•žĂ† /api/gigs
Î“Ă¶ÂŁ â•žĂ† /api/gigs/[id]
Î“Ă¶ÂŁ â•žĂ† /api/gigs/my
Î“Ă¶ÂŁ â•žĂ† /api/orders
Î“Ă¶ÂŁ â•žĂ† /api/orders/[id]
Î“Ă¶ÂŁ â•žĂ† /checkout/[gigId]
Î“Ă¶ÂŁ Î“ĂąĂŻ /dashboard
Î“Ă¶ÂŁ â•žĂ† /gigs/[id]
Î“Ă¶ÂŁ Î“ĂąĂŻ /login
Î“Ă¶ÂŁ â•žĂ† /orders/[id]
Î“Ă¶ÂŁ Î“ĂąĂŻ /profile
Î“Ă¶Ă¶ Î“ĂąĂŻ /register


Î“ĂąĂŻ  (Static)   prerendered as static content
â•žĂ†  (Dynamic)  server-rendered on demand

